<?xml version="1.0" encoding="UTF-8"?>
<!-- Generated by org.testng.reporters.JUnitReportReporter -->
<testsuite hostname="sadelax" failures="0" tests="1" name="com.qualitystream.testng.TestNGExample" time="1.174" errors="0" timestamp="2023-06-26T14:24:46 CEST" skipped="0">
  <testcase classname="com.qualitystream.testng.TestNGExample" name="searchBlouses" time="1.174"/>
</testsuite> <!-- com.qualitystream.testng.TestNGExample -->
