<?xml version="1.0" encoding="UTF-8"?>
<!-- Generated by org.testng.reporters.JUnitReportReporter -->
<testsuite hostname="sadelax" failures="0" tests="3" name="com.qualitystream.testng.CrossBrowserTesting" time="21.450" errors="0" timestamp="2023-06-28T18:07:23 CEST" skipped="0">
  <testcase classname="com.qualitystream.testng.CrossBrowserTesting" name="googleSearch" time="7.923"/>
  <testcase classname="com.qualitystream.testng.CrossBrowserTesting" name="googleSearch" time="7.764"/>
  <testcase classname="com.qualitystream.testng.CrossBrowserTesting" name="googleSearch" time="5.763"/>
</testsuite> <!-- com.qualitystream.testng.CrossBrowserTesting -->
