<?xml version="1.0" encoding="UTF-8"?>
<!-- Generated by org.testng.reporters.JUnitReportReporter -->
<testsuite hostname="sadelax" failures="0" tests="3" name="com.qualitystream.testng.CrossBrowserTesting" time="9.652" errors="0" timestamp="2023-06-29T12:16:56 CEST" skipped="0">
  <testcase classname="com.qualitystream.testng.CrossBrowserTesting" name="googleSearch" time="4.072"/>
  <testcase classname="com.qualitystream.testng.CrossBrowserTesting" name="googleSearch" time="2.142"/>
  <testcase classname="com.qualitystream.testng.CrossBrowserTesting" name="googleSearch" time="3.438"/>
</testsuite> <!-- com.qualitystream.testng.CrossBrowserTesting -->
