<?xml version="1.0" encoding="UTF-8"?>
<!-- Generated by org.testng.reporters.JUnitReportReporter -->
<testsuite hostname="sadelax" failures="0" tests="2" name="com.qualitystream.testng.TestNGDataProviderExample" time="10.660" errors="0" timestamp="2023-06-27T14:49:09 CEST" skipped="0">
  <testcase classname="com.qualitystream.testng.TestNGDataProviderExample" name="login" time="7.928"/>
  <testcase classname="com.qualitystream.testng.TestNGDataProviderExample" name="login" time="2.732"/>
</testsuite> <!-- com.qualitystream.testng.TestNGDataProviderExample -->
